{"C:\\Users\\huzai\\OneDrive\\Desktop\\online project\\Todo-list\\src\\modules\\newList.js": {"path":"C:\\Users\\huzai\\OneDrive\\Desktop\\online project\\Todo-list\\src\\modules\\newList.js","statementMap":{"0":{"start":{"line":1,"column":18},"end":{"line":1,"column":19}},"1":{"start":{"line":5,"column":4},"end":{"line":5,"column":20}},"2":{"start":{"line":9,"column":20},"end":{"line":9,"column":65}},"3":{"start":{"line":10,"column":4},"end":{"line":13,"column":5}},"4":{"start":{"line":11,"column":6},"end":{"line":11,"column":54}},"5":{"start":{"line":12,"column":6},"end":{"line":12,"column":23}},"6":{"start":{"line":14,"column":4},"end":{"line":14,"column":28}},"7":{"start":{"line":15,"column":4},"end":{"line":15,"column":25}},"8":{"start":{"line":16,"column":4},"end":{"line":16,"column":66}},"9":{"start":{"line":17,"column":4},"end":{"line":17,"column":22}},"10":{"start":{"line":21,"column":21},"end":{"line":21,"column":78}},"11":{"start":{"line":21,"column":46},"end":{"line":21,"column":77}},"12":{"start":{"line":22,"column":15},"end":{"line":22,"column":46}},"13":{"start":{"line":23,"column":4},"end":{"line":28,"column":5}},"14":{"start":{"line":23,"column":17},"end":{"line":23,"column":18}},"15":{"start":{"line":24,"column":18},"end":{"line":24,"column":19}},"16":{"start":{"line":25,"column":6},"end":{"line":25,"column":17}},"17":{"start":{"line":26,"column":6},"end":{"line":26,"column":32}},"18":{"start":{"line":27,"column":6},"end":{"line":27,"column":23}},"19":{"start":{"line":29,"column":4},"end":{"line":29,"column":26}},"20":{"start":{"line":30,"column":4},"end":{"line":30,"column":66}},"21":{"start":{"line":31,"column":4},"end":{"line":31,"column":22}},"22":{"start":{"line":36,"column":4},"end":{"line":44,"column":5}},"23":{"start":{"line":37,"column":6},"end":{"line":37,"column":43}},"24":{"start":{"line":39,"column":6},"end":{"line":43,"column":7}},"25":{"start":{"line":39,"column":19},"end":{"line":39,"column":20}},"26":{"start":{"line":40,"column":8},"end":{"line":42,"column":9}},"27":{"start":{"line":41,"column":10},"end":{"line":41,"column":47}},"28":{"start":{"line":45,"column":4},"end":{"line":45,"column":66}},"29":{"start":{"line":46,"column":4},"end":{"line":46,"column":22}},"30":{"start":{"line":51,"column":4},"end":{"line":63,"column":5}},"31":{"start":{"line":52,"column":6},"end":{"line":52,"column":37}},"32":{"start":{"line":54,"column":6},"end":{"line":62,"column":7}},"33":{"start":{"line":54,"column":19},"end":{"line":54,"column":20}},"34":{"start":{"line":55,"column":8},"end":{"line":61,"column":9}},"35":{"start":{"line":56,"column":10},"end":{"line":60,"column":11}},"36":{"start":{"line":57,"column":12},"end":{"line":57,"column":43}},"37":{"start":{"line":59,"column":12},"end":{"line":59,"column":44}},"38":{"start":{"line":64,"column":4},"end":{"line":64,"column":66}},"39":{"start":{"line":65,"column":4},"end":{"line":65,"column":22}},"40":{"start":{"line":69,"column":22},"end":{"line":69,"column":68}},"41":{"start":{"line":69,"column":47},"end":{"line":69,"column":67}},"42":{"start":{"line":70,"column":4},"end":{"line":74,"column":5}},"43":{"start":{"line":70,"column":17},"end":{"line":70,"column":18}},"44":{"start":{"line":71,"column":18},"end":{"line":71,"column":19}},"45":{"start":{"line":72,"column":6},"end":{"line":72,"column":17}},"46":{"start":{"line":73,"column":6},"end":{"line":73,"column":33}},"47":{"start":{"line":75,"column":22},"end":{"line":75,"column":60}},"48":{"start":{"line":76,"column":4},"end":{"line":80,"column":7}},"49":{"start":{"line":77,"column":6},"end":{"line":79,"column":7}},"50":{"start":{"line":78,"column":8},"end":{"line":78,"column":33}},"51":{"start":{"line":81,"column":15},"end":{"line":81,"column":46}},"52":{"start":{"line":82,"column":4},"end":{"line":86,"column":5}},"53":{"start":{"line":82,"column":17},"end":{"line":82,"column":18}},"54":{"start":{"line":83,"column":18},"end":{"line":83,"column":19}},"55":{"start":{"line":84,"column":6},"end":{"line":84,"column":17}},"56":{"start":{"line":85,"column":6},"end":{"line":85,"column":23}},"57":{"start":{"line":87,"column":4},"end":{"line":87,"column":27}},"58":{"start":{"line":88,"column":4},"end":{"line":88,"column":66}},"59":{"start":{"line":89,"column":4},"end":{"line":89,"column":22}}},"fnMap":{"0":{"name":"(anonymous_0)","decl":{"start":{"line":4,"column":2},"end":{"line":4,"column":3}},"loc":{"start":{"line":4,"column":16},"end":{"line":6,"column":3}},"line":4},"1":{"name":"(anonymous_1)","decl":{"start":{"line":8,"column":2},"end":{"line":8,"column":3}},"loc":{"start":{"line":8,"column":11},"end":{"line":18,"column":3}},"line":8},"2":{"name":"(anonymous_2)","decl":{"start":{"line":20,"column":2},"end":{"line":20,"column":3}},"loc":{"start":{"line":20,"column":16},"end":{"line":32,"column":3}},"line":20},"3":{"name":"(anonymous_3)","decl":{"start":{"line":21,"column":39},"end":{"line":21,"column":40}},"loc":{"start":{"line":21,"column":46},"end":{"line":21,"column":77}},"line":21},"4":{"name":"(anonymous_4)","decl":{"start":{"line":34,"column":2},"end":{"line":34,"column":3}},"loc":{"start":{"line":34,"column":20},"end":{"line":47,"column":3}},"line":34},"5":{"name":"(anonymous_5)","decl":{"start":{"line":49,"column":2},"end":{"line":49,"column":3}},"loc":{"start":{"line":49,"column":21},"end":{"line":66,"column":3}},"line":49},"6":{"name":"(anonymous_6)","decl":{"start":{"line":68,"column":2},"end":{"line":68,"column":3}},"loc":{"start":{"line":68,"column":17},"end":{"line":90,"column":3}},"line":68},"7":{"name":"(anonymous_7)","decl":{"start":{"line":69,"column":40},"end":{"line":69,"column":41}},"loc":{"start":{"line":69,"column":47},"end":{"line":69,"column":67}},"line":69},"8":{"name":"(anonymous_8)","decl":{"start":{"line":76,"column":22},"end":{"line":76,"column":23}},"loc":{"start":{"line":76,"column":29},"end":{"line":80,"column":5}},"line":76}},"branchMap":{"0":{"loc":{"start":{"line":10,"column":4},"end":{"line":13,"column":5}},"type":"if","locations":[{"start":{"line":10,"column":4},"end":{"line":13,"column":5}},{"start":{},"end":{}}],"line":10},"1":{"loc":{"start":{"line":36,"column":4},"end":{"line":44,"column":5}},"type":"if","locations":[{"start":{"line":36,"column":4},"end":{"line":44,"column":5}},{"start":{"line":38,"column":11},"end":{"line":44,"column":5}}],"line":36},"2":{"loc":{"start":{"line":40,"column":8},"end":{"line":42,"column":9}},"type":"if","locations":[{"start":{"line":40,"column":8},"end":{"line":42,"column":9}},{"start":{},"end":{}}],"line":40},"3":{"loc":{"start":{"line":51,"column":4},"end":{"line":63,"column":5}},"type":"if","locations":[{"start":{"line":51,"column":4},"end":{"line":63,"column":5}},{"start":{"line":53,"column":11},"end":{"line":63,"column":5}}],"line":51},"4":{"loc":{"start":{"line":55,"column":8},"end":{"line":61,"column":9}},"type":"if","locations":[{"start":{"line":55,"column":8},"end":{"line":61,"column":9}},{"start":{},"end":{}}],"line":55},"5":{"loc":{"start":{"line":56,"column":10},"end":{"line":60,"column":11}},"type":"if","locations":[{"start":{"line":56,"column":10},"end":{"line":60,"column":11}},{"start":{"line":58,"column":17},"end":{"line":60,"column":11}}],"line":56},"6":{"loc":{"start":{"line":77,"column":6},"end":{"line":79,"column":7}},"type":"if","locations":[{"start":{"line":77,"column":6},"end":{"line":79,"column":7}},{"start":{},"end":{}}],"line":77}},"s":{"0":2,"1":2,"2":2,"3":2,"4":0,"5":0,"6":2,"7":2,"8":2,"9":2,"10":1,"11":1,"12":1,"13":1,"14":1,"15":0,"16":0,"17":0,"18":0,"19":1,"20":1,"21":1,"22":1,"23":1,"24":0,"25":0,"26":0,"27":0,"28":1,"29":1,"30":1,"31":1,"32":0,"33":0,"34":0,"35":0,"36":0,"37":0,"38":1,"39":1,"40":1,"41":1,"42":1,"43":1,"44":0,"45":0,"46":0,"47":1,"48":1,"49":0,"50":0,"51":1,"52":1,"53":1,"54":0,"55":0,"56":0,"57":1,"58":1,"59":1},"f":{"0":2,"1":2,"2":1,"3":1,"4":1,"5":1,"6":1,"7":1,"8":0},"b":{"0":[0,2],"1":[1,0],"2":[0,0],"3":[1,0],"4":[0,0],"5":[0,0],"6":[0,0]},"_coverageSchema":"1a1c01bbd47fc00a2c39e90264f33305004495a9","hash":"ad76f0d1a11990e1470bff04f1ffe7d3452d2310"}
}
