{"C:\\Users\\huzai\\OneDrive\\Desktop\\online project\\Todo-list\\src\\modules\\localStorage.js": {"path":"C:\\Users\\huzai\\OneDrive\\Desktop\\online project\\Todo-list\\src\\modules\\localStorage.js","statementMap":{"0":{"start":{"line":1,"column":34},"end":{"line":3,"column":1}},"1":{"start":{"line":2,"column":2},"end":{"line":2,"column":63}},"2":{"start":{"line":5,"column":31},"end":{"line":8,"column":1}},"3":{"start":{"line":6,"column":27},"end":{"line":6,"column":71}},"4":{"start":{"line":7,"column":2},"end":{"line":7,"column":26}}},"fnMap":{"0":{"name":"(anonymous_0)","decl":{"start":{"line":1,"column":34},"end":{"line":1,"column":35}},"loc":{"start":{"line":1,"column":50},"end":{"line":3,"column":1}},"line":1},"1":{"name":"(anonymous_1)","decl":{"start":{"line":5,"column":31},"end":{"line":5,"column":32}},"loc":{"start":{"line":5,"column":37},"end":{"line":8,"column":1}},"line":5}},"branchMap":{},"s":{"0":1,"1":1,"2":1,"3":1,"4":0},"f":{"0":1,"1":1},"b":{},"_coverageSchema":"1a1c01bbd47fc00a2c39e90264f33305004495a9","hash":"be208c9c49e6b73bcf4662085a7486c4aff04674"}
,"C:\\Users\\huzai\\OneDrive\\Desktop\\online project\\Todo-list\\src\\modules\\newList.js": {"path":"C:\\Users\\huzai\\OneDrive\\Desktop\\online project\\Todo-list\\src\\modules\\newList.js","statementMap":{"0":{"start":{"line":3,"column":14},"end":{"line":3,"column":30}},"1":{"start":{"line":7,"column":18},"end":{"line":7,"column":19}},"2":{"start":{"line":11,"column":4},"end":{"line":11,"column":20}},"3":{"start":{"line":15,"column":4},"end":{"line":19,"column":5}},"4":{"start":{"line":16,"column":22},"end":{"line":16,"column":39}},"5":{"start":{"line":17,"column":6},"end":{"line":17,"column":54}},"6":{"start":{"line":18,"column":6},"end":{"line":18,"column":23}},"7":{"start":{"line":20,"column":4},"end":{"line":20,"column":28}},"8":{"start":{"line":21,"column":4},"end":{"line":21,"column":25}},"9":{"start":{"line":22,"column":4},"end":{"line":22,"column":35}},"10":{"start":{"line":23,"column":4},"end":{"line":23,"column":22}},"11":{"start":{"line":27,"column":21},"end":{"line":27,"column":78}},"12":{"start":{"line":27,"column":46},"end":{"line":27,"column":77}},"13":{"start":{"line":30,"column":15},"end":{"line":30,"column":46}},"14":{"start":{"line":31,"column":4},"end":{"line":36,"column":5}},"15":{"start":{"line":31,"column":17},"end":{"line":31,"column":18}},"16":{"start":{"line":32,"column":18},"end":{"line":32,"column":19}},"17":{"start":{"line":33,"column":6},"end":{"line":33,"column":17}},"18":{"start":{"line":34,"column":6},"end":{"line":34,"column":32}},"19":{"start":{"line":35,"column":6},"end":{"line":35,"column":23}},"20":{"start":{"line":37,"column":4},"end":{"line":37,"column":26}},"21":{"start":{"line":38,"column":4},"end":{"line":38,"column":66}},"22":{"start":{"line":42,"column":4},"end":{"line":46,"column":5}},"23":{"start":{"line":42,"column":17},"end":{"line":42,"column":18}},"24":{"start":{"line":43,"column":6},"end":{"line":45,"column":7}},"25":{"start":{"line":44,"column":8},"end":{"line":44,"column":45}},"26":{"start":{"line":47,"column":4},"end":{"line":47,"column":66}},"27":{"start":{"line":51,"column":4},"end":{"line":59,"column":5}},"28":{"start":{"line":51,"column":17},"end":{"line":51,"column":18}},"29":{"start":{"line":52,"column":6},"end":{"line":58,"column":7}},"30":{"start":{"line":53,"column":8},"end":{"line":57,"column":9}},"31":{"start":{"line":54,"column":10},"end":{"line":54,"column":41}},"32":{"start":{"line":56,"column":10},"end":{"line":56,"column":42}},"33":{"start":{"line":60,"column":4},"end":{"line":60,"column":66}},"34":{"start":{"line":64,"column":22},"end":{"line":64,"column":68}},"35":{"start":{"line":64,"column":47},"end":{"line":64,"column":67}},"36":{"start":{"line":65,"column":4},"end":{"line":69,"column":5}},"37":{"start":{"line":65,"column":17},"end":{"line":65,"column":18}},"38":{"start":{"line":66,"column":18},"end":{"line":66,"column":19}},"39":{"start":{"line":67,"column":6},"end":{"line":67,"column":17}},"40":{"start":{"line":68,"column":6},"end":{"line":68,"column":33}},"41":{"start":{"line":70,"column":22},"end":{"line":70,"column":60}},"42":{"start":{"line":71,"column":4},"end":{"line":75,"column":7}},"43":{"start":{"line":72,"column":6},"end":{"line":74,"column":7}},"44":{"start":{"line":73,"column":8},"end":{"line":73,"column":33}},"45":{"start":{"line":76,"column":15},"end":{"line":76,"column":46}},"46":{"start":{"line":77,"column":4},"end":{"line":81,"column":5}},"47":{"start":{"line":77,"column":17},"end":{"line":77,"column":18}},"48":{"start":{"line":78,"column":18},"end":{"line":78,"column":19}},"49":{"start":{"line":79,"column":6},"end":{"line":79,"column":17}},"50":{"start":{"line":80,"column":6},"end":{"line":80,"column":23}},"51":{"start":{"line":82,"column":4},"end":{"line":82,"column":27}},"52":{"start":{"line":83,"column":4},"end":{"line":83,"column":66}}},"fnMap":{"0":{"name":"(anonymous_0)","decl":{"start":{"line":10,"column":2},"end":{"line":10,"column":3}},"loc":{"start":{"line":10,"column":16},"end":{"line":12,"column":3}},"line":10},"1":{"name":"(anonymous_1)","decl":{"start":{"line":14,"column":2},"end":{"line":14,"column":3}},"loc":{"start":{"line":14,"column":11},"end":{"line":24,"column":3}},"line":14},"2":{"name":"(anonymous_2)","decl":{"start":{"line":26,"column":2},"end":{"line":26,"column":3}},"loc":{"start":{"line":26,"column":16},"end":{"line":39,"column":3}},"line":26},"3":{"name":"(anonymous_3)","decl":{"start":{"line":27,"column":39},"end":{"line":27,"column":40}},"loc":{"start":{"line":27,"column":46},"end":{"line":27,"column":77}},"line":27},"4":{"name":"(anonymous_4)","decl":{"start":{"line":41,"column":2},"end":{"line":41,"column":3}},"loc":{"start":{"line":41,"column":20},"end":{"line":48,"column":3}},"line":41},"5":{"name":"(anonymous_5)","decl":{"start":{"line":50,"column":2},"end":{"line":50,"column":3}},"loc":{"start":{"line":50,"column":21},"end":{"line":61,"column":3}},"line":50},"6":{"name":"(anonymous_6)","decl":{"start":{"line":63,"column":2},"end":{"line":63,"column":3}},"loc":{"start":{"line":63,"column":17},"end":{"line":84,"column":3}},"line":63},"7":{"name":"(anonymous_7)","decl":{"start":{"line":64,"column":40},"end":{"line":64,"column":41}},"loc":{"start":{"line":64,"column":47},"end":{"line":64,"column":67}},"line":64},"8":{"name":"(anonymous_8)","decl":{"start":{"line":71,"column":22},"end":{"line":71,"column":23}},"loc":{"start":{"line":71,"column":29},"end":{"line":75,"column":5}},"line":71}},"branchMap":{"0":{"loc":{"start":{"line":15,"column":4},"end":{"line":19,"column":5}},"type":"if","locations":[{"start":{"line":15,"column":4},"end":{"line":19,"column":5}},{"start":{},"end":{}}],"line":15},"1":{"loc":{"start":{"line":43,"column":6},"end":{"line":45,"column":7}},"type":"if","locations":[{"start":{"line":43,"column":6},"end":{"line":45,"column":7}},{"start":{},"end":{}}],"line":43},"2":{"loc":{"start":{"line":52,"column":6},"end":{"line":58,"column":7}},"type":"if","locations":[{"start":{"line":52,"column":6},"end":{"line":58,"column":7}},{"start":{},"end":{}}],"line":52},"3":{"loc":{"start":{"line":53,"column":8},"end":{"line":57,"column":9}},"type":"if","locations":[{"start":{"line":53,"column":8},"end":{"line":57,"column":9}},{"start":{"line":55,"column":15},"end":{"line":57,"column":9}}],"line":53},"4":{"loc":{"start":{"line":72,"column":6},"end":{"line":74,"column":7}},"type":"if","locations":[{"start":{"line":72,"column":6},"end":{"line":74,"column":7}},{"start":{},"end":{}}],"line":72}},"s":{"0":1,"1":1,"2":1,"3":2,"4":1,"5":0,"6":0,"7":1,"8":1,"9":1,"10":0,"11":1,"12":1,"13":1,"14":0,"15":0,"16":0,"17":0,"18":0,"19":0,"20":0,"21":0,"22":0,"23":0,"24":0,"25":0,"26":0,"27":0,"28":0,"29":0,"30":0,"31":0,"32":0,"33":0,"34":0,"35":0,"36":0,"37":0,"38":0,"39":0,"40":0,"41":0,"42":0,"43":0,"44":0,"45":0,"46":0,"47":0,"48":0,"49":0,"50":0,"51":0,"52":0},"f":{"0":1,"1":2,"2":1,"3":1,"4":0,"5":0,"6":0,"7":0,"8":0},"b":{"0":[1,1],"1":[0,0],"2":[0,0],"3":[0,0],"4":[0,0]},"_coverageSchema":"1a1c01bbd47fc00a2c39e90264f33305004495a9","hash":"4aa16ca12a8008a44c58f95b3c11852536f890b3"}
}
